!SESSION 2013-05-09 10:47:50.367 -----------------------------------------------
eclipse.buildId=unknown
java.version=1.5.0_22
java.vendor=Sun Microsystems Inc.
BootLoader constants: OS=win32, ARCH=x86, WS=win32, NL=zh_CN
Command-line arguments:  -console

!ENTRY r-osgi://10.5.96.82:9278#34 4 0 2013-05-09 10:47:51.447
!MESSAGE 
!STACK 0
org.osgi.framework.BundleException: Exception in proxy.baofojgoic_jchide.middleware.middleware.inface.middlewareinfaceImpl.start() of bundle 18.
	at org.eclipse.osgi.framework.internal.core.BundleContextImpl.startActivator(BundleContextImpl.java:1028)
	at org.eclipse.osgi.framework.internal.core.BundleContextImpl.start(BundleContextImpl.java:984)
	at org.eclipse.osgi.framework.internal.core.BundleHost.startWorker(BundleHost.java:346)
	at org.eclipse.osgi.framework.internal.core.AbstractBundle.resume(AbstractBundle.java:355)
	at org.eclipse.osgi.framework.internal.core.Framework.resumeBundle(Framework.java:1074)
	at org.eclipse.osgi.framework.internal.core.StartLevelManager.resumeBundles(StartLevelManager.java:616)
	at org.eclipse.osgi.framework.internal.core.StartLevelManager.incFWSL(StartLevelManager.java:508)
	at org.eclipse.osgi.framework.internal.core.StartLevelManager.doSetStartLevel(StartLevelManager.java:299)
	at org.eclipse.osgi.framework.internal.core.StartLevelManager.launch(StartLevelManager.java:247)
	at org.eclipse.osgi.framework.internal.core.SystemBundle.resume(SystemBundle.java:201)
	at org.eclipse.osgi.framework.internal.core.Framework.launch(Framework.java:644)
	at org.eclipse.osgi.framework.internal.core.OSGi.launch(OSGi.java:51)
	at org.eclipse.core.runtime.adaptor.EclipseStarter.startup(EclipseStarter.java:313)
	at org.eclipse.core.runtime.adaptor.EclipseStarter.run(EclipseStarter.java:175)
	at org.eclipse.core.runtime.adaptor.EclipseStarter.main(EclipseStarter.java:150)
Caused by: java.lang.NullPointerException
	at org.eclipse.osgi.framework.internal.core.BundleContextImpl.getService(BundleContextImpl.java:890)
	at proxy.baofojgoic_jchide.middleware.middleware.inface.middlewareinfaceImpl.start(Unknown Source)
	at org.eclipse.osgi.framework.internal.core.BundleContextImpl$2.run(BundleContextImpl.java:1009)
	at java.security.AccessController.doPrivileged(Native Method)
	at org.eclipse.osgi.framework.internal.core.BundleContextImpl.startActivator(BundleContextImpl.java:1003)
	... 14 more
Root exception:
java.lang.NullPointerException
	at org.eclipse.osgi.framework.internal.core.BundleContextImpl.getService(BundleContextImpl.java:890)
	at proxy.baofojgoic_jchide.middleware.middleware.inface.middlewareinfaceImpl.start(Unknown Source)
	at org.eclipse.osgi.framework.internal.core.BundleContextImpl$2.run(BundleContextImpl.java:1009)
	at java.security.AccessController.doPrivileged(Native Method)
	at org.eclipse.osgi.framework.internal.core.BundleContextImpl.startActivator(BundleContextImpl.java:1003)
	at org.eclipse.osgi.framework.internal.core.BundleContextImpl.start(BundleContextImpl.java:984)
	at org.eclipse.osgi.framework.internal.core.BundleHost.startWorker(BundleHost.java:346)
	at org.eclipse.osgi.framework.internal.core.AbstractBundle.resume(AbstractBundle.java:355)
	at org.eclipse.osgi.framework.internal.core.Framework.resumeBundle(Framework.java:1074)
	at org.eclipse.osgi.framework.internal.core.StartLevelManager.resumeBundles(StartLevelManager.java:616)
	at org.eclipse.osgi.framework.internal.core.StartLevelManager.incFWSL(StartLevelManager.java:508)
	at org.eclipse.osgi.framework.internal.core.StartLevelManager.doSetStartLevel(StartLevelManager.java:299)
	at org.eclipse.osgi.framework.internal.core.StartLevelManager.launch(StartLevelManager.java:247)
	at org.eclipse.osgi.framework.internal.core.SystemBundle.resume(SystemBundle.java:201)
	at org.eclipse.osgi.framework.internal.core.Framework.launch(Framework.java:644)
	at org.eclipse.osgi.framework.internal.core.OSGi.launch(OSGi.java:51)
	at org.eclipse.core.runtime.adaptor.EclipseStarter.startup(EclipseStarter.java:313)
	at org.eclipse.core.runtime.adaptor.EclipseStarter.run(EclipseStarter.java:175)
	at org.eclipse.core.runtime.adaptor.EclipseStarter.main(EclipseStarter.java:150)

!ENTRY r-osgi://10.5.96.82:9278#34 4 0 2013-05-09 10:47:51.487
!MESSAGE 
!STACK 0
org.osgi.framework.BundleException: Exception in proxy.baofojgoic_jchide.middleware.middleware.inface.middlewareinfaceImpl.start() of bundle 18.
	at org.eclipse.osgi.framework.internal.core.BundleContextImpl.startActivator(BundleContextImpl.java:1028)
	at org.eclipse.osgi.framework.internal.core.BundleContextImpl.start(BundleContextImpl.java:984)
	at org.eclipse.osgi.framework.internal.core.BundleHost.startWorker(BundleHost.java:346)
	at org.eclipse.osgi.framework.internal.core.AbstractBundle.resume(AbstractBundle.java:355)
	at org.eclipse.osgi.framework.internal.core.Framework.resumeBundle(Framework.java:1074)
	at org.eclipse.osgi.framework.internal.core.PackageAdminImpl.resumeBundles(PackageAdminImpl.java:272)
	at org.eclipse.osgi.framework.internal.core.PackageAdminImpl.processDelta(PackageAdminImpl.java:506)
	at org.eclipse.osgi.framework.internal.core.PackageAdminImpl.doResolveBundles(PackageAdminImpl.java:224)
	at org.eclipse.osgi.framework.internal.core.PackageAdminImpl$1.run(PackageAdminImpl.java:162)
	at java.lang.Thread.run(Thread.java:595)
Caused by: java.lang.NullPointerException
	at org.eclipse.osgi.framework.internal.core.BundleContextImpl.getService(BundleContextImpl.java:890)
	at proxy.baofojgoic_jchide.middleware.middleware.inface.middlewareinfaceImpl.start(Unknown Source)
	at org.eclipse.osgi.framework.internal.core.BundleContextImpl$2.run(BundleContextImpl.java:1009)
	at java.security.AccessController.doPrivileged(Native Method)
	at org.eclipse.osgi.framework.internal.core.BundleContextImpl.startActivator(BundleContextImpl.java:1003)
	... 9 more
Root exception:
java.lang.NullPointerException
	at org.eclipse.osgi.framework.internal.core.BundleContextImpl.getService(BundleContextImpl.java:890)
	at proxy.baofojgoic_jchide.middleware.middleware.inface.middlewareinfaceImpl.start(Unknown Source)
	at org.eclipse.osgi.framework.internal.core.BundleContextImpl$2.run(BundleContextImpl.java:1009)
	at java.security.AccessController.doPrivileged(Native Method)
	at org.eclipse.osgi.framework.internal.core.BundleContextImpl.startActivator(BundleContextImpl.java:1003)
	at org.eclipse.osgi.framework.internal.core.BundleContextImpl.start(BundleContextImpl.java:984)
	at org.eclipse.osgi.framework.internal.core.BundleHost.startWorker(BundleHost.java:346)
	at org.eclipse.osgi.framework.internal.core.AbstractBundle.resume(AbstractBundle.java:355)
	at org.eclipse.osgi.framework.internal.core.Framework.resumeBundle(Framework.java:1074)
	at org.eclipse.osgi.framework.internal.core.PackageAdminImpl.resumeBundles(PackageAdminImpl.java:272)
	at org.eclipse.osgi.framework.internal.core.PackageAdminImpl.processDelta(PackageAdminImpl.java:506)
	at org.eclipse.osgi.framework.internal.core.PackageAdminImpl.doResolveBundles(PackageAdminImpl.java:224)
	at org.eclipse.osgi.framework.internal.core.PackageAdminImpl$1.run(PackageAdminImpl.java:162)
	at java.lang.Thread.run(Thread.java:595)

!ENTRY org.eclipse.osgi 4 0 2013-05-09 10:47:52.178
!MESSAGE Application error
!STACK 1
java.lang.IllegalStateException: Unable to acquire application service. Ensure that the org.eclipse.core.runtime bundle is resolved and started (see config.ini).
	at org.eclipse.core.runtime.internal.adaptor.EclipseAppLauncher.start(EclipseAppLauncher.java:74)
	at org.eclipse.core.runtime.adaptor.EclipseStarter.run(EclipseStarter.java:386)
	at org.eclipse.core.runtime.adaptor.EclipseStarter.run(EclipseStarter.java:179)
	at org.eclipse.core.runtime.adaptor.EclipseStarter.main(EclipseStarter.java:150)
